<?xml version="1.0" encoding="UTF-8"?>
<!-- Generated by org.testng.reporters.JUnitReportReporter -->
<testsuite hostname="DESKTOP-HP03GQQ" failures="0" tests="1" name="TestCases.VerifySignUpTestCase" time="14.611" errors="0" timestamp="2022-12-24T16:43:27 IST" skipped="0">
  <testcase classname="TestCases.VerifySignUpTestCase" name="SignUp" time="14.611"/>
  <system-out/>
</testsuite> <!-- TestCases.VerifySignUpTestCase -->
