<?xml version="1.0" encoding="UTF-8"?>
<!-- Generated by org.testng.reporters.JUnitReportReporter -->
<testsuite hostname="DESKTOP-HP03GQQ" failures="0" tests="1" name="TestCases.VerifyLoginTestCase" time="5.985" errors="0" timestamp="2022-12-24T16:06:10 IST" skipped="0">
  <testcase classname="TestCases.VerifyLoginTestCase" name="login" time="5.985"/>
  <system-out/>
</testsuite> <!-- TestCases.VerifyLoginTestCase -->
